<html>
<head>
<title>TestNG:  Default test</title>
<link href="../testng.css" rel="stylesheet" type="text/css" />
<link href="../my-testng.css" rel="stylesheet" type="text/css" />

<style type="text/css">
.log { display: none;} 
.stack-trace { display: none;} 
</style>
<script type="text/javascript">
<!--
function flip(e) {
  current = e.style.display;
  if (current == 'block') {
    e.style.display = 'none';
    return 0;
  }
  else {
    e.style.display = 'block';
    return 1;
  }
}

function toggleBox(szDivId, elem, msg1, msg2)
{
  var res = -1;  if (document.getElementById) {
    res = flip(document.getElementById(szDivId));
  }
  else if (document.all) {
    // this is the way old msie versions work
    res = flip(document.all[szDivId]);
  }
  if(elem) {
    if(res == 0) elem.innerHTML = msg1; else elem.innerHTML = msg2;
  }

}

function toggleAllBoxes() {
  if (document.getElementsByTagName) {
    d = document.getElementsByTagName('div');
    for (i = 0; i < d.length; i++) {
      if (d[i].className == 'log') {
        flip(d[i]);
      }
    }
  }
}

// -->
</script>

</head>
<body>
<h2 align='center'>Default test</h2><table border='1' align="center">
<tr>
<td>Tests passed/Failed/Skipped:</td><td>1/0/6</td>
</tr><tr>
<td>Started on:</td><td>Fri Jan 19 12:33:56 IST 2018</td>
</tr>
<tr><td>Total time:</td><td>11 seconds (11119 ms)</td>
</tr><tr>
<td>Included groups:</td><td></td>
</tr><tr>
<td>Excluded groups:</td><td></td>
</tr>
</table><p/>
<small><i>(Hover the method name to see the test class name)</i></small><p/>
<table width='100%' border='1' class='invocation-failed'>
<tr><td colspan='4' align='center'><b>FAILED CONFIGURATIONS</b></td></tr>
<tr><td><b>Test method</b></td>
<td width="30%"><b>Exception</b></td>
<td width="10%"><b>Time (seconds)</b></td>
<td><b>Instance</b></td>
</tr>
<tr>
<td title='velocityWebTest.VelocityTest_001.captureTest()'><b>captureTest</b><br>Test class: velocityWebTest.VelocityTest_001</td>
<td><div><pre>org.openqa.selenium.NoSuchWindowException: no such window: target window already closed
from unknown error: web view not found
  (Session info: chrome=63.0.3239.132)
  (Driver info: chromedriver=2.33.506120 (e3e53437346286c0bc2d2dc9aa4915ba81d9023f),platform=Windows NT 6.3.9600 x86_64) (WARNING: The server did not provide any stacktrace information)
Command duration or timeout: 20 milliseconds
Build info: version: &apos;3.4.0&apos;, revision: &apos;unknown&apos;, time: &apos;unknown&apos;
System info: host: &apos;HP&apos;, ip: &apos;192.168.99.1&apos;, os.name: &apos;Windows 8.1&apos;, os.arch: &apos;amd64&apos;, os.version: &apos;6.3&apos;, java.version: &apos;1.8.0_92&apos;
Driver info: org.openqa.selenium.chrome.ChromeDriver
Capabilities [{applicationCacheEnabled=false, rotatable=false, mobileEmulationEnabled=false, networkConnectionEnabled=false, chrome={chromedriverVersion=2.33.506120 (e3e53437346286c0bc2d2dc9aa4915ba81d9023f), userDataDir=C:\Users\Ranosys\AppData\Local\Temp\scoped_dir6328_8019}, takesHeapSnapshot=true, pageLoadStrategy=normal, databaseEnabled=false, handlesAlerts=true, hasTouchScreen=false, version=63.0.3239.132, platform=WIN8_1, browserConnectionEnabled=false, nativeEvents=true, acceptSslCerts=true, locationContextEnabled=true, webStorageEnabled=true, browserName=chrome, takesScreenshot=true, javascriptEnabled=true, cssSelectorsEnabled=true, setWindowRect=true, unexpectedAlertBehaviour=}]
Session ID: 87792cb8090a067989c8d3ee264a6894
	at sun.reflect.NativeConstructorAccessorImpl.newInstance0(Native Method)
	at sun.reflect.NativeConstructorAccessorImpl.newInstance(NativeConstructorAccessorImpl.java:62)
	at sun.reflect.DelegatingConstructorAccessorImpl.newInstance(DelegatingConstructorAccessorImpl.java:45)
	at java.lang.reflect.Constructor.newInstance(Constructor.java:423)
	at org.openqa.selenium.remote.ErrorHandler.createThrowable(ErrorHandler.java:215)
	at org.openqa.selenium.remote.ErrorHandler.throwIfResponseFailed(ErrorHandler.java:167)
	at org.openqa.selenium.remote.RemoteWebDriver.execute(RemoteWebDriver.java:671)
	at org.openqa.selenium.remote.RemoteWebDriver.execute(RemoteWebDriver.java:694)
	at org.openqa.selenium.remote.RemoteWebDriver.getScreenshotAs(RemoteWebDriver.java:382)
	at genericlibrary.ScreenshotUtilities.captureScreenShot(ScreenshotUtilities.java:50)
	at velocityWebTest.VelocityTest_001.captureTest(VelocityTest_001.java:333)
	at sun.reflect.NativeMethodAccessorImpl.invoke0(Native Method)
	at sun.reflect.NativeMethodAccessorImpl.invoke(NativeMethodAccessorImpl.java:62)
	at sun.reflect.DelegatingMethodAccessorImpl.invoke(DelegatingMethodAccessorImpl.java:43)
	at java.lang.reflect.Method.invoke(Method.java:498)
	at org.testng.internal.MethodInvocationHelper.invokeMethod(MethodInvocationHelper.java:85)
	at org.testng.internal.Invoker.invokeConfigurationMethod(Invoker.java:510)
	at org.testng.internal.Invoker.invokeConfigurations(Invoker.java:211)
	at org.testng.internal.Invoker.invokeMethod(Invoker.java:708)
	at org.testng.internal.Invoker.invokeTestMethod(Invoker.java:821)
	at org.testng.internal.Invoker.invokeTestMethods(Invoker.java:1131)
	at org.testng.internal.TestMethodWorker.invokeTestMethods(TestMethodWorker.java:124)
	at org.testng.internal.TestMethodWorker.run(TestMethodWorker.java:108)
	at org.testng.TestRunner.privateRun(TestRunner.java:773)
	at org.testng.TestRunner.run(TestRunner.java:623)
	at org.testng.SuiteRunner.runTest(SuiteRunner.java:357)
	at org.testng.SuiteRunner.runSequentially(SuiteRunner.java:352)
	at org.testng.SuiteRunner.privateRun(SuiteRunner.java:310)
	at org.testng.SuiteRunner.run(SuiteRunner.java:259)
	at org.testng.SuiteRunnerWorker.runSuite(SuiteRunnerWorker.java:52)
	at org.testng.SuiteRunnerWorker.run(SuiteRunnerWorker.java:86)
	at org.testng.TestNG.runSuitesSequentially(TestNG.java:1185)
	at org.testng.TestNG.runSuitesLocally(TestNG.java:1110)
	at org.testng.TestNG.run(TestNG.java:1018)
	at org.testng.remote.AbstractRemoteTestNG.run(AbstractRemoteTestNG.java:132)
	at org.testng.remote.RemoteTestNG.initAndRun(RemoteTestNG.java:230)
	at org.testng.remote.RemoteTestNG.main(RemoteTestNG.java:76)
</pre></div><a href='#' onClick='toggleBox("stack-trace1690101810", this, "Click to show all stack frames", "Click to hide stack frames")'>Click to show all stack frames</a>
<div class='stack-trace' id='stack-trace1690101810'><pre>org.openqa.selenium.NoSuchWindowException: no such window: target window already closed
from unknown error: web view not found
  (Session info: chrome=63.0.3239.132)
  (Driver info: chromedriver=2.33.506120 (e3e53437346286c0bc2d2dc9aa4915ba81d9023f),platform=Windows NT 6.3.9600 x86_64) (WARNING: The server did not provide any stacktrace information)
Command duration or timeout: 20 milliseconds
Build info: version: &apos;3.4.0&apos;, revision: &apos;unknown&apos;, time: &apos;unknown&apos;
System info: host: &apos;HP&apos;, ip: &apos;192.168.99.1&apos;, os.name: &apos;Windows 8.1&apos;, os.arch: &apos;amd64&apos;, os.version: &apos;6.3&apos;, java.version: &apos;1.8.0_92&apos;
Driver info: org.openqa.selenium.chrome.ChromeDriver
Capabilities [{applicationCacheEnabled=false, rotatable=false, mobileEmulationEnabled=false, networkConnectionEnabled=false, chrome={chromedriverVersion=2.33.506120 (e3e53437346286c0bc2d2dc9aa4915ba81d9023f), userDataDir=C:\Users\Ranosys\AppData\Local\Temp\scoped_dir6328_8019}, takesHeapSnapshot=true, pageLoadStrategy=normal, databaseEnabled=false, handlesAlerts=true, hasTouchScreen=false, version=63.0.3239.132, platform=WIN8_1, browserConnectionEnabled=false, nativeEvents=true, acceptSslCerts=true, locationContextEnabled=true, webStorageEnabled=true, browserName=chrome, takesScreenshot=true, javascriptEnabled=true, cssSelectorsEnabled=true, setWindowRect=true, unexpectedAlertBehaviour=}]
Session ID: 87792cb8090a067989c8d3ee264a6894
	at sun.reflect.NativeConstructorAccessorImpl.newInstance0(Native Method)
	at sun.reflect.NativeConstructorAccessorImpl.newInstance(NativeConstructorAccessorImpl.java:62)
	at sun.reflect.DelegatingConstructorAccessorImpl.newInstance(DelegatingConstructorAccessorImpl.java:45)
	at java.lang.reflect.Constructor.newInstance(Constructor.java:423)
	at org.openqa.selenium.remote.ErrorHandler.createThrowable(ErrorHandler.java:215)
	at org.openqa.selenium.remote.ErrorHandler.throwIfResponseFailed(ErrorHandler.java:167)
	at org.openqa.selenium.remote.RemoteWebDriver.execute(RemoteWebDriver.java:671)
	at org.openqa.selenium.remote.RemoteWebDriver.execute(RemoteWebDriver.java:694)
	at org.openqa.selenium.remote.RemoteWebDriver.getScreenshotAs(RemoteWebDriver.java:382)
	at genericlibrary.ScreenshotUtilities.captureScreenShot(ScreenshotUtilities.java:50)
	at velocityWebTest.VelocityTest_001.captureTest(VelocityTest_001.java:333)
	at sun.reflect.NativeMethodAccessorImpl.invoke0(Native Method)
	at sun.reflect.NativeMethodAccessorImpl.invoke(NativeMethodAccessorImpl.java:62)
	at sun.reflect.DelegatingMethodAccessorImpl.invoke(DelegatingMethodAccessorImpl.java:43)
	at java.lang.reflect.Method.invoke(Method.java:498)
	at org.testng.internal.MethodInvocationHelper.invokeMethod(MethodInvocationHelper.java:85)
	at org.testng.internal.Invoker.invokeConfigurationMethod(Invoker.java:510)
	at org.testng.internal.Invoker.invokeConfigurations(Invoker.java:211)
	at org.testng.internal.Invoker.invokeMethod(Invoker.java:708)
	at org.testng.internal.Invoker.invokeTestMethod(Invoker.java:821)
	at org.testng.internal.Invoker.invokeTestMethods(Invoker.java:1131)
	at org.testng.internal.TestMethodWorker.invokeTestMethods(TestMethodWorker.java:124)
	at org.testng.internal.TestMethodWorker.run(TestMethodWorker.java:108)
	at org.testng.TestRunner.privateRun(TestRunner.java:773)
	at org.testng.TestRunner.run(TestRunner.java:623)
	at org.testng.SuiteRunner.runTest(SuiteRunner.java:357)
	at org.testng.SuiteRunner.runSequentially(SuiteRunner.java:352)
	at org.testng.SuiteRunner.privateRun(SuiteRunner.java:310)
	at org.testng.SuiteRunner.run(SuiteRunner.java:259)
	at org.testng.SuiteRunnerWorker.runSuite(SuiteRunnerWorker.java:52)
	at org.testng.SuiteRunnerWorker.run(SuiteRunnerWorker.java:86)
	at org.testng.TestNG.runSuitesSequentially(TestNG.java:1185)
	at org.testng.TestNG.runSuitesLocally(TestNG.java:1110)
	at org.testng.TestNG.run(TestNG.java:1018)
	at org.testng.remote.AbstractRemoteTestNG.run(AbstractRemoteTestNG.java:132)
	at org.testng.remote.RemoteTestNG.initAndRun(RemoteTestNG.java:230)
	at org.testng.remote.RemoteTestNG.main(RemoteTestNG.java:76)
</pre></div></td>
<td>0</td>
<td>velocityWebTest.VelocityTest_001@3632be31</td></tr>
</table><p>
<table width='100%' border='1' class='invocation-skipped'>
<tr><td colspan='4' align='center'><b>SKIPPED CONFIGURATIONS</b></td></tr>
<tr><td><b>Test method</b></td>
<td width="30%"><b>Exception</b></td>
<td width="10%"><b>Time (seconds)</b></td>
<td><b>Instance</b></td>
</tr>
<tr>
<td title='velocityWebTest.VelocityTest_001.laodPages()'><b>laodPages</b><br>Test class: velocityWebTest.VelocityTest_001</td>
<td></td>
<td>0</td>
<td>velocityWebTest.VelocityTest_001@3632be31</td></tr>
<tr>
<td title='velocityWebTest.VelocityTest_001.laodPages()'><b>laodPages</b><br>Test class: velocityWebTest.VelocityTest_001</td>
<td></td>
<td>0</td>
<td>velocityWebTest.VelocityTest_001@3632be31</td></tr>
<tr>
<td title='velocityWebTest.VelocityTest_001.laodPages()'><b>laodPages</b><br>Test class: velocityWebTest.VelocityTest_001</td>
<td></td>
<td>0</td>
<td>velocityWebTest.VelocityTest_001@3632be31</td></tr>
<tr>
<td title='velocityWebTest.VelocityTest_001.laodPages()'><b>laodPages</b><br>Test class: velocityWebTest.VelocityTest_001</td>
<td></td>
<td>0</td>
<td>velocityWebTest.VelocityTest_001@3632be31</td></tr>
<tr>
<td title='velocityWebTest.VelocityTest_001.laodPages()'><b>laodPages</b><br>Test class: velocityWebTest.VelocityTest_001</td>
<td></td>
<td>0</td>
<td>velocityWebTest.VelocityTest_001@3632be31</td></tr>
<tr>
<td title='velocityWebTest.VelocityTest_001.laodPages()'><b>laodPages</b><br>Test class: velocityWebTest.VelocityTest_001</td>
<td></td>
<td>0</td>
<td>velocityWebTest.VelocityTest_001@3632be31</td></tr>
<tr>
<td title='velocityWebTest.VelocityTest_001.captureTest()'><b>captureTest</b><br>Test class: velocityWebTest.VelocityTest_001</td>
<td></td>
<td>0</td>
<td>velocityWebTest.VelocityTest_001@3632be31</td></tr>
<tr>
<td title='velocityWebTest.VelocityTest_001.captureTest()'><b>captureTest</b><br>Test class: velocityWebTest.VelocityTest_001</td>
<td></td>
<td>0</td>
<td>velocityWebTest.VelocityTest_001@3632be31</td></tr>
<tr>
<td title='velocityWebTest.VelocityTest_001.captureTest()'><b>captureTest</b><br>Test class: velocityWebTest.VelocityTest_001</td>
<td></td>
<td>0</td>
<td>velocityWebTest.VelocityTest_001@3632be31</td></tr>
<tr>
<td title='velocityWebTest.VelocityTest_001.captureTest()'><b>captureTest</b><br>Test class: velocityWebTest.VelocityTest_001</td>
<td></td>
<td>0</td>
<td>velocityWebTest.VelocityTest_001@3632be31</td></tr>
<tr>
<td title='velocityWebTest.VelocityTest_001.captureTest()'><b>captureTest</b><br>Test class: velocityWebTest.VelocityTest_001</td>
<td></td>
<td>0</td>
<td>velocityWebTest.VelocityTest_001@3632be31</td></tr>
<tr>
<td title='velocityWebTest.VelocityTest_001.captureTest()'><b>captureTest</b><br>Test class: velocityWebTest.VelocityTest_001</td>
<td></td>
<td>0</td>
<td>velocityWebTest.VelocityTest_001@3632be31</td></tr>
<tr>
<td title='velocityWebTest.VelocityTest_001.crash()'><b>crash</b><br>Test class: velocityWebTest.VelocityTest_001</td>
<td></td>
<td>0</td>
<td>null</td></tr>
</table><p>
<table width='100%' border='1' class='invocation-passed'>
<tr><td colspan='4' align='center'><b>PASSED TESTS</b></td></tr>
<tr><td><b>Test method</b></td>
<td width="30%"><b>Exception</b></td>
<td width="10%"><b>Time (seconds)</b></td>
<td><b>Instance</b></td>
</tr>
<tr>
<td title='velocityWebTest.VelocityTest_001.vehicleCheckMenuTest_001()'><b>vehicleCheckMenuTest_001</b><br>Test class: velocityWebTest.VelocityTest_001</td>
<td></td>
<td>3</td>
<td>velocityWebTest.VelocityTest_001@3632be31</td></tr>
</table><p>
<table width='100%' border='1' class='invocation-skipped'>
<tr><td colspan='4' align='center'><b>SKIPPED TESTS</b></td></tr>
<tr><td><b>Test method</b></td>
<td width="30%"><b>Exception</b></td>
<td width="10%"><b>Time (seconds)</b></td>
<td><b>Instance</b></td>
</tr>
<tr>
<td title='velocityWebTest.VelocityTest_001.vehicleCheckTileTest_002()'><b>vehicleCheckTileTest_002</b><br>Test class: velocityWebTest.VelocityTest_001</td>
<td></td>
<td>0</td>
<td>velocityWebTest.VelocityTest_001@3632be31</td></tr>
<tr>
<td title='velocityWebTest.VelocityTest_001.vehicleCheckTileTest_003()'><b>vehicleCheckTileTest_003</b><br>Test class: velocityWebTest.VelocityTest_001</td>
<td></td>
<td>0</td>
<td>velocityWebTest.VelocityTest_001@3632be31</td></tr>
<tr>
<td title='velocityWebTest.VelocityTest_001.vehiclesTileTest_004()'><b>vehiclesTileTest_004</b><br>Test class: velocityWebTest.VelocityTest_001</td>
<td></td>
<td>0</td>
<td>velocityWebTest.VelocityTest_001@3632be31</td></tr>
<tr>
<td title='velocityWebTest.VelocityTest_001.vehiclesaddButtonPopupTest_005()'><b>vehiclesaddButtonPopupTest_005</b><br>Test class: velocityWebTest.VelocityTest_001</td>
<td></td>
<td>0</td>
<td>velocityWebTest.VelocityTest_001@3632be31</td></tr>
<tr>
<td title='velocityWebTest.VelocityTest_001.vehiclesaddButtonPopupTest_007()'><b>vehiclesaddButtonPopupTest_007</b><br>Test class: velocityWebTest.VelocityTest_001</td>
<td></td>
<td>0</td>
<td>velocityWebTest.VelocityTest_001@3632be31</td></tr>
<tr>
<td title='velocityWebTest.VelocityTest_001.vehiclesaddButtonPopupTest_008()'><b>vehiclesaddButtonPopupTest_008</b><br>Test class: velocityWebTest.VelocityTest_001</td>
<td></td>
<td>0</td>
<td>velocityWebTest.VelocityTest_001@3632be31</td></tr>
</table><p>
</body>
</html>