<?xml version="1.0" encoding="UTF-8"?>
<!-- Generated by org.testng.reporters.JUnitReportReporter -->
<testsuite hostname="HP" name="velocityTestScript.VelocityTest_001" tests="7" failures="1" timestamp="18 Dec 2017 07:27:18 GMT" time="26.884" errors="0">
  <testcase name="vehiclesTileTest_004" time="3.475" classname="velocityTestScript.VelocityTest_001"/>
  <testcase name="vehicleCheckTileTest_002" time="8.085" classname="velocityTestScript.VelocityTest_001"/>
  <testcase name="vehicleCheckTileTest_003" time="3.922" classname="velocityTestScript.VelocityTest_001"/>
  <testcase name="vehicleCheckMenuTest_001" time="4.400" classname="velocityTestScript.VelocityTest_001">
    <failure type="java.lang.AssertionError" message="expected [Home] but found [Hom]">
      <![CDATA[java.lang.AssertionError: expected [Home] but found [Hom]
	at org.testng.Assert.fail(Assert.java:94)
	at org.testng.Assert.failNotEquals(Assert.java:496)
	at org.testng.Assert.assertEquals(Assert.java:125)
	at org.testng.Assert.assertEquals(Assert.java:178)
	at org.testng.Assert.assertEquals(Assert.java:188)
	at velocityTestScript.VelocityTest_001.vehicleCheckMenuTest_001(VelocityTest_001.java:85)
	at sun.reflect.NativeMethodAccessorImpl.invoke0(Native Method)
	at sun.reflect.NativeMethodAccessorImpl.invoke(NativeMethodAccessorImpl.java:62)
	at sun.reflect.DelegatingMethodAccessorImpl.invoke(DelegatingMethodAccessorImpl.java:43)
	at java.lang.reflect.Method.invoke(Method.java:498)
	at org.testng.internal.MethodInvocationHelper.invokeMethod(MethodInvocationHelper.java:85)
	at org.testng.internal.Invoker.invokeMethod(Invoker.java:639)
	at org.testng.internal.Invoker.invokeTestMethod(Invoker.java:821)
	at org.testng.internal.Invoker.invokeTestMethods(Invoker.java:1131)
	at org.testng.internal.TestMethodWorker.invokeTestMethods(TestMethodWorker.java:124)
	at org.testng.internal.TestMethodWorker.run(TestMethodWorker.java:108)
	at org.testng.TestRunner.privateRun(TestRunner.java:773)
	at org.testng.TestRunner.run(TestRunner.java:623)
	at org.testng.SuiteRunner.runTest(SuiteRunner.java:357)
	at org.testng.SuiteRunner.runSequentially(SuiteRunner.java:352)
	at org.testng.SuiteRunner.privateRun(SuiteRunner.java:310)
	at org.testng.SuiteRunner.run(SuiteRunner.java:259)
	at org.testng.SuiteRunnerWorker.runSuite(SuiteRunnerWorker.java:52)
	at org.testng.SuiteRunnerWorker.run(SuiteRunnerWorker.java:86)
	at org.testng.TestNG.runSuitesSequentially(TestNG.java:1185)
	at org.testng.TestNG.runSuitesLocally(TestNG.java:1110)
	at org.testng.TestNG.run(TestNG.java:1018)
	at org.testng.remote.AbstractRemoteTestNG.run(AbstractRemoteTestNG.java:132)
	at org.testng.remote.RemoteTestNG.initAndRun(RemoteTestNG.java:230)
	at org.testng.remote.RemoteTestNG.main(RemoteTestNG.java:76)
]]>
    </failure>
  </testcase> <!-- vehicleCheckMenuTest_001 -->
  <testcase name="vehiclesaddButtonPopupTest_005" time="3.009" classname="velocityTestScript.VelocityTest_001"/>
  <testcase name="vehiclesaddButtonPopupTest_007" time="1.978" classname="velocityTestScript.VelocityTest_001"/>
  <testcase name="vehiclesaddButtonPopupTest_008" time="2.015" classname="velocityTestScript.VelocityTest_001"/>
</testsuite> <!-- velocityTestScript.VelocityTest_001 -->
